0 info it worked if it ends with ok
1 verbose cli [ '/usr/bin/nodejs', '/usr/bin/npm', 'install' ]
2 info using npm@1.3.10
3 info using node@v0.10.25
4 warn package.json blog@0.0.1 No repository field.
5 warn package.json blog@0.0.1 No README data
6 verbose readDependencies using package.json deps
7 verbose install where, deps [ '/home/lashomjt/SeniorProject/SeniorProject201516',
7 verbose install   [ 'mime' ] ]
8 info preinstall blog@0.0.1
9 verbose readDependencies using package.json deps
10 verbose cache add [ 'mime@~1.2.7', null ]
11 verbose cache add name=undefined spec="mime@~1.2.7" args=["mime@~1.2.7",null]
12 verbose parsed url { protocol: null,
12 verbose parsed url   slashes: null,
12 verbose parsed url   auth: null,
12 verbose parsed url   host: null,
12 verbose parsed url   port: null,
12 verbose parsed url   hostname: null,
12 verbose parsed url   hash: null,
12 verbose parsed url   search: null,
12 verbose parsed url   query: null,
12 verbose parsed url   pathname: 'mime@~1.2.7',
12 verbose parsed url   path: 'mime@~1.2.7',
12 verbose parsed url   href: 'mime@~1.2.7' }
13 verbose cache add name="mime" spec="~1.2.7" args=["mime","~1.2.7"]
14 verbose parsed url { protocol: null,
14 verbose parsed url   slashes: null,
14 verbose parsed url   auth: null,
14 verbose parsed url   host: null,
14 verbose parsed url   port: null,
14 verbose parsed url   hostname: null,
14 verbose parsed url   hash: null,
14 verbose parsed url   search: null,
14 verbose parsed url   query: null,
14 verbose parsed url   pathname: '~1.2.7',
14 verbose parsed url   path: '~1.2.7',
14 verbose parsed url   href: '~1.2.7' }
15 verbose addNamed [ 'mime', '~1.2.7' ]
16 verbose addNamed [ null, '>=1.2.7-0 <1.3.0-0' ]
17 silly lockFile 3725bc70-mime-1-2-7 mime@~1.2.7
18 verbose lock mime@~1.2.7 /home/lashomjt/.npm/3725bc70-mime-1-2-7.lock
19 silly addNameRange { name: 'mime', range: '>=1.2.7-0 <1.3.0-0', hasData: false }
20 verbose url raw mime
21 verbose url resolving [ 'https://registry.npmjs.org/', './mime' ]
22 verbose url resolved https://registry.npmjs.org/mime
23 info trying registry request attempt 1 at 00:12:06
24 http GET https://registry.npmjs.org/mime
25 http 200 https://registry.npmjs.org/mime
26 silly registry.get cb [ 200,
26 silly registry.get   { server: 'CouchDB/1.5.0 (Erlang OTP/R16B03)',
26 silly registry.get     etag: '"137PZRDD8WSJR1PZN38CAI75T"',
26 silly registry.get     'content-type': 'application/json',
26 silly registry.get     'cache-control': 'max-age=60',
26 silly registry.get     'content-length': '19957',
26 silly registry.get     'accept-ranges': 'bytes',
26 silly registry.get     date: 'Wed, 23 Sep 2015 04:12:06 GMT',
26 silly registry.get     via: '1.1 varnish',
26 silly registry.get     age: '25',
26 silly registry.get     connection: 'keep-alive',
26 silly registry.get     'x-served-by': 'cache-ord1727-ORD',
26 silly registry.get     'x-cache': 'HIT',
26 silly registry.get     'x-cache-hits': '3',
26 silly registry.get     'x-timer': 'S1442981526.502015,VS0,VE0',
26 silly registry.get     vary: 'Accept' } ]
27 silly addNameRange number 2 { name: 'mime', range: '>=1.2.7-0 <1.3.0-0', hasData: true }
28 silly addNameRange versions [ 'mime',
28 silly addNameRange   [ '1.0.0',
28 silly addNameRange     '1.1.0',
28 silly addNameRange     '1.2.1',
28 silly addNameRange     '1.2.2',
28 silly addNameRange     '1.2.3',
28 silly addNameRange     '1.2.4',
28 silly addNameRange     '1.2.5',
28 silly addNameRange     '1.2.6',
28 silly addNameRange     '1.2.7',
28 silly addNameRange     '1.2.8',
28 silly addNameRange     '1.2.9',
28 silly addNameRange     '1.2.10',
28 silly addNameRange     '1.2.11',
28 silly addNameRange     '1.3.0',
28 silly addNameRange     '1.3.2',
28 silly addNameRange     '1.3.3',
28 silly addNameRange     '1.3.4' ] ]
29 verbose addNamed [ 'mime', '1.2.11' ]
30 verbose addNamed [ '1.2.11', '1.2.11' ]
31 silly lockFile c4b0741f-mime-1-2-11 mime@1.2.11
32 verbose lock mime@1.2.11 /home/lashomjt/.npm/c4b0741f-mime-1-2-11.lock
33 silly lockFile 98468155-y-npmjs-org-mime-mime-1-2-11-tgz https://registry.npmjs.org/mime/-/mime-1.2.11.tgz
34 verbose lock https://registry.npmjs.org/mime/-/mime-1.2.11.tgz /home/lashomjt/.npm/98468155-y-npmjs-org-mime-mime-1-2-11-tgz.lock
35 verbose addRemoteTarball [ 'https://registry.npmjs.org/mime/-/mime-1.2.11.tgz',
35 verbose addRemoteTarball   '58203eed86e3a5ef17aed2b7d9ebd47f0a60dd10' ]
36 silly lockFile 98468155-y-npmjs-org-mime-mime-1-2-11-tgz https://registry.npmjs.org/mime/-/mime-1.2.11.tgz
37 silly lockFile 98468155-y-npmjs-org-mime-mime-1-2-11-tgz https://registry.npmjs.org/mime/-/mime-1.2.11.tgz
38 silly lockFile c4b0741f-mime-1-2-11 mime@1.2.11
39 silly lockFile c4b0741f-mime-1-2-11 mime@1.2.11
40 silly lockFile 3725bc70-mime-1-2-7 mime@~1.2.7
41 silly lockFile 3725bc70-mime-1-2-7 mime@~1.2.7
42 error Error: EACCES, mkdir '/home/lashomjt/tmp/npm-11831-DhHRS6QL'
42 error  { [Error: EACCES, mkdir '/home/lashomjt/tmp/npm-11831-DhHRS6QL']
42 error   errno: 3,
42 error   code: 'EACCES',
42 error   path: '/home/lashomjt/tmp/npm-11831-DhHRS6QL' }
43 error Please try running this command again as root/Administrator.
44 error System Linux 3.16.0-48-generic
45 error command "/usr/bin/nodejs" "/usr/bin/npm" "install"
46 error cwd /home/lashomjt/SeniorProject/SeniorProject201516
47 error node -v v0.10.25
48 error npm -v 1.3.10
49 error path /home/lashomjt/tmp/npm-11831-DhHRS6QL
50 error code EACCES
51 error errno 3
52 error stack Error: EACCES, mkdir '/home/lashomjt/tmp/npm-11831-DhHRS6QL'
53 verbose exit [ 3, true ]
